CRITICAL - 2023-07-25 13:48:00 --> syntax error, unexpected token "if"
in APPPATH\Config\Routes.php on line 47.
 1 SYSTEMPATH\CodeIgniter.php(800): CodeIgniter\Router\RouteCollection->loadRoutes()
 2 SYSTEMPATH\CodeIgniter.php(447): CodeIgniter\CodeIgniter->tryToRouteIt(null)
 3 SYSTEMPATH\CodeIgniter.php(366): CodeIgniter\CodeIgniter->handleRequest(null, Object(Config\Cache), false)
 4 FCPATH\index.php(67): CodeIgniter\CodeIgniter->run()
 5 SYSTEMPATH\Commands\Server\rewrite.php(47): require_once('C:\\xampp\\htdocs\\prakweb\\public\\index.php')
CRITICAL - 2023-07-25 13:48:13 --> syntax error, unexpected token "if"
in APPPATH\Config\Routes.php on line 47.
 1 SYSTEMPATH\CodeIgniter.php(800): CodeIgniter\Router\RouteCollection->loadRoutes()
 2 SYSTEMPATH\CodeIgniter.php(447): CodeIgniter\CodeIgniter->tryToRouteIt(null)
 3 SYSTEMPATH\CodeIgniter.php(366): CodeIgniter\CodeIgniter->handleRequest(null, Object(Config\Cache), false)
 4 FCPATH\index.php(67): CodeIgniter\CodeIgniter->run()
 5 SYSTEMPATH\Commands\Server\rewrite.php(47): require_once('C:\\xampp\\htdocs\\prakweb\\public\\index.php')
CRITICAL - 2023-07-25 13:48:23 --> syntax error, unexpected token "if"
in APPPATH\Config\Routes.php on line 47.
 1 SYSTEMPATH\CodeIgniter.php(800): CodeIgniter\Router\RouteCollection->loadRoutes()
 2 SYSTEMPATH\CodeIgniter.php(447): CodeIgniter\CodeIgniter->tryToRouteIt(null)
 3 SYSTEMPATH\CodeIgniter.php(366): CodeIgniter\CodeIgniter->handleRequest(null, Object(Config\Cache), false)
 4 FCPATH\index.php(67): CodeIgniter\CodeIgniter->run()
 5 SYSTEMPATH\Commands\Server\rewrite.php(47): require_once('C:\\xampp\\htdocs\\prakweb\\public\\index.php')
CRITICAL - 2023-07-25 13:48:45 --> syntax error, unexpected token "if"
in APPPATH\Config\Routes.php on line 47.
 1 SYSTEMPATH\CodeIgniter.php(800): CodeIgniter\Router\RouteCollection->loadRoutes()
 2 SYSTEMPATH\CodeIgniter.php(447): CodeIgniter\CodeIgniter->tryToRouteIt(null)
 3 SYSTEMPATH\CodeIgniter.php(366): CodeIgniter\CodeIgniter->handleRequest(null, Object(Config\Cache), false)
 4 FCPATH\index.php(67): CodeIgniter\CodeIgniter->run()
 5 SYSTEMPATH\Commands\Server\rewrite.php(47): require_once('C:\\xampp\\htdocs\\prakweb\\public\\index.php')
CRITICAL - 2023-07-25 13:48:47 --> syntax error, unexpected token "if"
in APPPATH\Config\Routes.php on line 47.
 1 SYSTEMPATH\CodeIgniter.php(800): CodeIgniter\Router\RouteCollection->loadRoutes()
 2 SYSTEMPATH\CodeIgniter.php(447): CodeIgniter\CodeIgniter->tryToRouteIt(null)
 3 SYSTEMPATH\CodeIgniter.php(366): CodeIgniter\CodeIgniter->handleRequest(null, Object(Config\Cache), false)
 4 FCPATH\index.php(67): CodeIgniter\CodeIgniter->run()
 5 SYSTEMPATH\Commands\Server\rewrite.php(47): require_once('C:\\xampp\\htdocs\\prakweb\\public\\index.php')
CRITICAL - 2023-07-25 13:48:48 --> syntax error, unexpected token "if"
in APPPATH\Config\Routes.php on line 47.
 1 SYSTEMPATH\CodeIgniter.php(800): CodeIgniter\Router\RouteCollection->loadRoutes()
 2 SYSTEMPATH\CodeIgniter.php(447): CodeIgniter\CodeIgniter->tryToRouteIt(null)
 3 SYSTEMPATH\CodeIgniter.php(366): CodeIgniter\CodeIgniter->handleRequest(null, Object(Config\Cache), false)
 4 FCPATH\index.php(67): CodeIgniter\CodeIgniter->run()
 5 SYSTEMPATH\Commands\Server\rewrite.php(47): require_once('C:\\xampp\\htdocs\\prakweb\\public\\index.php')
CRITICAL - 2023-07-25 13:48:50 --> syntax error, unexpected token "if"
in APPPATH\Config\Routes.php on line 47.
 1 SYSTEMPATH\CodeIgniter.php(800): CodeIgniter\Router\RouteCollection->loadRoutes()
 2 SYSTEMPATH\CodeIgniter.php(447): CodeIgniter\CodeIgniter->tryToRouteIt(null)
 3 SYSTEMPATH\CodeIgniter.php(366): CodeIgniter\CodeIgniter->handleRequest(null, Object(Config\Cache), false)
 4 FCPATH\index.php(67): CodeIgniter\CodeIgniter->run()
 5 SYSTEMPATH\Commands\Server\rewrite.php(47): require_once('C:\\xampp\\htdocs\\prakweb\\public\\index.php')
CRITICAL - 2023-07-25 13:49:26 --> syntax error, unexpected token "if"
in APPPATH\Config\Routes.php on line 47.
 1 SYSTEMPATH\CodeIgniter.php(800): CodeIgniter\Router\RouteCollection->loadRoutes()
 2 SYSTEMPATH\CodeIgniter.php(447): CodeIgniter\CodeIgniter->tryToRouteIt(null)
 3 SYSTEMPATH\CodeIgniter.php(366): CodeIgniter\CodeIgniter->handleRequest(null, Object(Config\Cache), false)
 4 FCPATH\index.php(67): CodeIgniter\CodeIgniter->run()
 5 SYSTEMPATH\Commands\Server\rewrite.php(47): require_once('C:\\xampp\\htdocs\\prakweb\\public\\index.php')
CRITICAL - 2023-07-25 13:49:54 --> syntax error, unexpected token "if"
in APPPATH\Config\Routes.php on line 47.
 1 SYSTEMPATH\CodeIgniter.php(800): CodeIgniter\Router\RouteCollection->loadRoutes()
 2 SYSTEMPATH\CodeIgniter.php(447): CodeIgniter\CodeIgniter->tryToRouteIt(null)
 3 SYSTEMPATH\CodeIgniter.php(366): CodeIgniter\CodeIgniter->handleRequest(null, Object(Config\Cache), false)
 4 FCPATH\index.php(67): CodeIgniter\CodeIgniter->run()
 5 SYSTEMPATH\Commands\Server\rewrite.php(47): require_once('C:\\xampp\\htdocs\\prakweb\\public\\index.php')
CRITICAL - 2023-07-25 13:49:55 --> syntax error, unexpected token "if"
in APPPATH\Config\Routes.php on line 47.
 1 SYSTEMPATH\CodeIgniter.php(800): CodeIgniter\Router\RouteCollection->loadRoutes()
 2 SYSTEMPATH\CodeIgniter.php(447): CodeIgniter\CodeIgniter->tryToRouteIt(null)
 3 SYSTEMPATH\CodeIgniter.php(366): CodeIgniter\CodeIgniter->handleRequest(null, Object(Config\Cache), false)
 4 FCPATH\index.php(67): CodeIgniter\CodeIgniter->run()
 5 SYSTEMPATH\Commands\Server\rewrite.php(47): require_once('C:\\xampp\\htdocs\\prakweb\\public\\index.php')
CRITICAL - 2023-07-25 13:50:58 --> syntax error, unexpected token "if"
in APPPATH\Config\Routes.php on line 47.
 1 SYSTEMPATH\CodeIgniter.php(800): CodeIgniter\Router\RouteCollection->loadRoutes()
 2 SYSTEMPATH\CodeIgniter.php(447): CodeIgniter\CodeIgniter->tryToRouteIt(null)
 3 SYSTEMPATH\CodeIgniter.php(366): CodeIgniter\CodeIgniter->handleRequest(null, Object(Config\Cache), false)
 4 FCPATH\index.php(67): CodeIgniter\CodeIgniter->run()
 5 SYSTEMPATH\Commands\Server\rewrite.php(47): require_once('C:\\xampp\\htdocs\\prakweb\\public\\index.php')
CRITICAL - 2023-07-25 13:50:58 --> syntax error, unexpected token "if"
in APPPATH\Config\Routes.php on line 47.
 1 SYSTEMPATH\CodeIgniter.php(800): CodeIgniter\Router\RouteCollection->loadRoutes()
 2 SYSTEMPATH\CodeIgniter.php(447): CodeIgniter\CodeIgniter->tryToRouteIt(null)
 3 SYSTEMPATH\CodeIgniter.php(366): CodeIgniter\CodeIgniter->handleRequest(null, Object(Config\Cache), false)
 4 FCPATH\index.php(67): CodeIgniter\CodeIgniter->run()
 5 SYSTEMPATH\Commands\Server\rewrite.php(47): require_once('C:\\xampp\\htdocs\\prakweb\\public\\index.php')
CRITICAL - 2023-07-25 15:00:24 --> Invalid file: "layout/32602100135_Sadra.php"
in SYSTEMPATH\Exceptions\FrameworkException.php on line 33.
 1 SYSTEMPATH\View\View.php(212): CodeIgniter\Exceptions\FrameworkException::forInvalidFile('layout/32602100135_Sadra.php')
 2 SYSTEMPATH\View\View.php(240): CodeIgniter\View\View->render('layout/32602100135_Sadra', [], true)
 3 SYSTEMPATH\Common.php(1180): CodeIgniter\View\View->render('Ndaru_32602100104', [], true)
 4 APPPATH\Controllers\LayoutController.php(9): view('Ndaru_32602100104')
 5 SYSTEMPATH\CodeIgniter.php(932): App\Controllers\LayoutController->index()
 6 SYSTEMPATH\CodeIgniter.php(497): CodeIgniter\CodeIgniter->runController(Object(App\Controllers\LayoutController))
 7 SYSTEMPATH\CodeIgniter.php(366): CodeIgniter\CodeIgniter->handleRequest(null, Object(Config\Cache), false)
 8 FCPATH\index.php(67): CodeIgniter\CodeIgniter->run()
 9 SYSTEMPATH\Commands\Server\rewrite.php(47): require_once('C:\\xampp\\htdocs\\prakweb\\public\\index.php')
CRITICAL - 2023-07-25 15:01:04 --> Invalid file: "layout/32602100135_Sadra.php"
in SYSTEMPATH\Exceptions\FrameworkException.php on line 33.
 1 SYSTEMPATH\View\View.php(212): CodeIgniter\Exceptions\FrameworkException::forInvalidFile('layout/32602100135_Sadra.php')
 2 SYSTEMPATH\View\View.php(240): CodeIgniter\View\View->render('layout/32602100135_Sadra', [], true)
 3 SYSTEMPATH\Common.php(1180): CodeIgniter\View\View->render('Ndaru_32602100104', [], true)
 4 APPPATH\Controllers\LayoutController.php(9): view('Ndaru_32602100104')
 5 SYSTEMPATH\CodeIgniter.php(932): App\Controllers\LayoutController->index()
 6 SYSTEMPATH\CodeIgniter.php(497): CodeIgniter\CodeIgniter->runController(Object(App\Controllers\LayoutController))
 7 SYSTEMPATH\CodeIgniter.php(366): CodeIgniter\CodeIgniter->handleRequest(null, Object(Config\Cache), false)
 8 FCPATH\index.php(67): CodeIgniter\CodeIgniter->run()
 9 SYSTEMPATH\Commands\Server\rewrite.php(47): require_once('C:\\xampp\\htdocs\\prakweb\\public\\index.php')
CRITICAL - 2023-07-25 15:01:39 --> Invalid file: "layout/32602100135_Sadra.php"
in SYSTEMPATH\Exceptions\FrameworkException.php on line 33.
 1 SYSTEMPATH\View\View.php(212): CodeIgniter\Exceptions\FrameworkException::forInvalidFile('layout/32602100135_Sadra.php')
 2 SYSTEMPATH\View\View.php(240): CodeIgniter\View\View->render('layout/32602100135_Sadra', [], true)
 3 SYSTEMPATH\Common.php(1180): CodeIgniter\View\View->render('ndaru_32602100104', [], true)
 4 APPPATH\Controllers\LayoutController.php(9): view('ndaru_32602100104')
 5 SYSTEMPATH\CodeIgniter.php(932): App\Controllers\LayoutController->index()
 6 SYSTEMPATH\CodeIgniter.php(497): CodeIgniter\CodeIgniter->runController(Object(App\Controllers\LayoutController))
 7 SYSTEMPATH\CodeIgniter.php(366): CodeIgniter\CodeIgniter->handleRequest(null, Object(Config\Cache), false)
 8 FCPATH\index.php(67): CodeIgniter\CodeIgniter->run()
 9 SYSTEMPATH\Commands\Server\rewrite.php(47): require_once('C:\\xampp\\htdocs\\prakweb\\public\\index.php')
CRITICAL - 2023-07-25 15:01:40 --> Invalid file: "layout/32602100135_Sadra.php"
in SYSTEMPATH\Exceptions\FrameworkException.php on line 33.
 1 SYSTEMPATH\View\View.php(212): CodeIgniter\Exceptions\FrameworkException::forInvalidFile('layout/32602100135_Sadra.php')
 2 SYSTEMPATH\View\View.php(240): CodeIgniter\View\View->render('layout/32602100135_Sadra', [], true)
 3 SYSTEMPATH\Common.php(1180): CodeIgniter\View\View->render('ndaru_32602100104', [], true)
 4 APPPATH\Controllers\LayoutController.php(9): view('ndaru_32602100104')
 5 SYSTEMPATH\CodeIgniter.php(932): App\Controllers\LayoutController->index()
 6 SYSTEMPATH\CodeIgniter.php(497): CodeIgniter\CodeIgniter->runController(Object(App\Controllers\LayoutController))
 7 SYSTEMPATH\CodeIgniter.php(366): CodeIgniter\CodeIgniter->handleRequest(null, Object(Config\Cache), false)
 8 FCPATH\index.php(67): CodeIgniter\CodeIgniter->run()
 9 SYSTEMPATH\Commands\Server\rewrite.php(47): require_once('C:\\xampp\\htdocs\\prakweb\\public\\index.php')
CRITICAL - 2023-07-25 15:01:49 --> Invalid file: "layout/32602100135_Sadra.php"
in SYSTEMPATH\Exceptions\FrameworkException.php on line 33.
 1 SYSTEMPATH\View\View.php(212): CodeIgniter\Exceptions\FrameworkException::forInvalidFile('layout/32602100135_Sadra.php')
 2 SYSTEMPATH\View\View.php(240): CodeIgniter\View\View->render('layout/32602100135_Sadra', [], true)
 3 SYSTEMPATH\Common.php(1180): CodeIgniter\View\View->render('ndaru_32602100104', [], true)
 4 APPPATH\Controllers\LayoutController.php(9): view('ndaru_32602100104')
 5 SYSTEMPATH\CodeIgniter.php(932): App\Controllers\LayoutController->index()
 6 SYSTEMPATH\CodeIgniter.php(497): CodeIgniter\CodeIgniter->runController(Object(App\Controllers\LayoutController))
 7 SYSTEMPATH\CodeIgniter.php(366): CodeIgniter\CodeIgniter->handleRequest(null, Object(Config\Cache), false)
 8 FCPATH\index.php(67): CodeIgniter\CodeIgniter->run()
 9 SYSTEMPATH\Commands\Server\rewrite.php(47): require_once('C:\\xampp\\htdocs\\prakweb\\public\\index.php')
CRITICAL - 2023-07-25 15:03:15 --> Invalid file: "layout/32602100135_Ndaru.php"
in SYSTEMPATH\Exceptions\FrameworkException.php on line 33.
 1 SYSTEMPATH\View\View.php(212): CodeIgniter\Exceptions\FrameworkException::forInvalidFile('layout/32602100135_Ndaru.php')
 2 SYSTEMPATH\View\View.php(240): CodeIgniter\View\View->render('layout/32602100135_Ndaru', [], true)
 3 SYSTEMPATH\Common.php(1180): CodeIgniter\View\View->render('ndaru_32602100104', [], true)
 4 APPPATH\Controllers\LayoutController.php(9): view('ndaru_32602100104')
 5 SYSTEMPATH\CodeIgniter.php(932): App\Controllers\LayoutController->index()
 6 SYSTEMPATH\CodeIgniter.php(497): CodeIgniter\CodeIgniter->runController(Object(App\Controllers\LayoutController))
 7 SYSTEMPATH\CodeIgniter.php(366): CodeIgniter\CodeIgniter->handleRequest(null, Object(Config\Cache), false)
 8 FCPATH\index.php(67): CodeIgniter\CodeIgniter->run()
 9 SYSTEMPATH\Commands\Server\rewrite.php(47): require_once('C:\\xampp\\htdocs\\prakweb\\public\\index.php')
CRITICAL - 2023-07-25 15:03:15 --> Invalid file: "layout/32602100135_Ndaru.php"
in SYSTEMPATH\Exceptions\FrameworkException.php on line 33.
 1 SYSTEMPATH\View\View.php(212): CodeIgniter\Exceptions\FrameworkException::forInvalidFile('layout/32602100135_Ndaru.php')
 2 SYSTEMPATH\View\View.php(240): CodeIgniter\View\View->render('layout/32602100135_Ndaru', [], true)
 3 SYSTEMPATH\Common.php(1180): CodeIgniter\View\View->render('ndaru_32602100104', [], true)
 4 APPPATH\Controllers\LayoutController.php(9): view('ndaru_32602100104')
 5 SYSTEMPATH\CodeIgniter.php(932): App\Controllers\LayoutController->index()
 6 SYSTEMPATH\CodeIgniter.php(497): CodeIgniter\CodeIgniter->runController(Object(App\Controllers\LayoutController))
 7 SYSTEMPATH\CodeIgniter.php(366): CodeIgniter\CodeIgniter->handleRequest(null, Object(Config\Cache), false)
 8 FCPATH\index.php(67): CodeIgniter\CodeIgniter->run()
 9 SYSTEMPATH\Commands\Server\rewrite.php(47): require_once('C:\\xampp\\htdocs\\prakweb\\public\\index.php')
CRITICAL - 2023-07-25 15:03:16 --> Invalid file: "layout/32602100135_Ndaru.php"
in SYSTEMPATH\Exceptions\FrameworkException.php on line 33.
 1 SYSTEMPATH\View\View.php(212): CodeIgniter\Exceptions\FrameworkException::forInvalidFile('layout/32602100135_Ndaru.php')
 2 SYSTEMPATH\View\View.php(240): CodeIgniter\View\View->render('layout/32602100135_Ndaru', [], true)
 3 SYSTEMPATH\Common.php(1180): CodeIgniter\View\View->render('ndaru_32602100104', [], true)
 4 APPPATH\Controllers\LayoutController.php(9): view('ndaru_32602100104')
 5 SYSTEMPATH\CodeIgniter.php(932): App\Controllers\LayoutController->index()
 6 SYSTEMPATH\CodeIgniter.php(497): CodeIgniter\CodeIgniter->runController(Object(App\Controllers\LayoutController))
 7 SYSTEMPATH\CodeIgniter.php(366): CodeIgniter\CodeIgniter->handleRequest(null, Object(Config\Cache), false)
 8 FCPATH\index.php(67): CodeIgniter\CodeIgniter->run()
 9 SYSTEMPATH\Commands\Server\rewrite.php(47): require_once('C:\\xampp\\htdocs\\prakweb\\public\\index.php')
CRITICAL - 2023-07-25 15:03:30 --> Invalid file: "layout/32602100135_Ndaru.php"
in SYSTEMPATH\Exceptions\FrameworkException.php on line 33.
 1 SYSTEMPATH\View\View.php(212): CodeIgniter\Exceptions\FrameworkException::forInvalidFile('layout/32602100135_Ndaru.php')
 2 SYSTEMPATH\View\View.php(240): CodeIgniter\View\View->render('layout/32602100135_Ndaru', [], true)
 3 SYSTEMPATH\Common.php(1180): CodeIgniter\View\View->render('ndaru_32602100104', [], true)
 4 APPPATH\Controllers\LayoutController.php(9): view('ndaru_32602100104')
 5 SYSTEMPATH\CodeIgniter.php(932): App\Controllers\LayoutController->index()
 6 SYSTEMPATH\CodeIgniter.php(497): CodeIgniter\CodeIgniter->runController(Object(App\Controllers\LayoutController))
 7 SYSTEMPATH\CodeIgniter.php(366): CodeIgniter\CodeIgniter->handleRequest(null, Object(Config\Cache), false)
 8 FCPATH\index.php(67): CodeIgniter\CodeIgniter->run()
 9 SYSTEMPATH\Commands\Server\rewrite.php(47): require_once('C:\\xampp\\htdocs\\prakweb\\public\\index.php')
CRITICAL - 2023-07-25 15:03:32 --> Invalid file: "layout/32602100135_Ndaru.php"
in SYSTEMPATH\Exceptions\FrameworkException.php on line 33.
 1 SYSTEMPATH\View\View.php(212): CodeIgniter\Exceptions\FrameworkException::forInvalidFile('layout/32602100135_Ndaru.php')
 2 SYSTEMPATH\View\View.php(240): CodeIgniter\View\View->render('layout/32602100135_Ndaru', [], true)
 3 SYSTEMPATH\Common.php(1180): CodeIgniter\View\View->render('ndaru_32602100104', [], true)
 4 APPPATH\Controllers\LayoutController.php(9): view('ndaru_32602100104')
 5 SYSTEMPATH\CodeIgniter.php(932): App\Controllers\LayoutController->index()
 6 SYSTEMPATH\CodeIgniter.php(497): CodeIgniter\CodeIgniter->runController(Object(App\Controllers\LayoutController))
 7 SYSTEMPATH\CodeIgniter.php(366): CodeIgniter\CodeIgniter->handleRequest(null, Object(Config\Cache), false)
 8 FCPATH\index.php(67): CodeIgniter\CodeIgniter->run()
 9 SYSTEMPATH\Commands\Server\rewrite.php(47): require_once('C:\\xampp\\htdocs\\prakweb\\public\\index.php')
CRITICAL - 2023-07-25 15:03:33 --> Invalid file: "layout/32602100135_Ndaru.php"
in SYSTEMPATH\Exceptions\FrameworkException.php on line 33.
 1 SYSTEMPATH\View\View.php(212): CodeIgniter\Exceptions\FrameworkException::forInvalidFile('layout/32602100135_Ndaru.php')
 2 SYSTEMPATH\View\View.php(240): CodeIgniter\View\View->render('layout/32602100135_Ndaru', [], true)
 3 SYSTEMPATH\Common.php(1180): CodeIgniter\View\View->render('ndaru_32602100104', [], true)
 4 APPPATH\Controllers\LayoutController.php(9): view('ndaru_32602100104')
 5 SYSTEMPATH\CodeIgniter.php(932): App\Controllers\LayoutController->index()
 6 SYSTEMPATH\CodeIgniter.php(497): CodeIgniter\CodeIgniter->runController(Object(App\Controllers\LayoutController))
 7 SYSTEMPATH\CodeIgniter.php(366): CodeIgniter\CodeIgniter->handleRequest(null, Object(Config\Cache), false)
 8 FCPATH\index.php(67): CodeIgniter\CodeIgniter->run()
 9 SYSTEMPATH\Commands\Server\rewrite.php(47): require_once('C:\\xampp\\htdocs\\prakweb\\public\\index.php')
CRITICAL - 2023-07-25 15:04:26 --> Invalid file: "layout/32602100135_Ndaru.php"
in SYSTEMPATH\Exceptions\FrameworkException.php on line 33.
 1 SYSTEMPATH\View\View.php(212): CodeIgniter\Exceptions\FrameworkException::forInvalidFile('layout/32602100135_Ndaru.php')
 2 SYSTEMPATH\View\View.php(240): CodeIgniter\View\View->render('layout/32602100135_Ndaru', [], true)
 3 SYSTEMPATH\Common.php(1180): CodeIgniter\View\View->render('ndaru_32602100104', [], true)
 4 APPPATH\Controllers\LayoutController.php(9): view('ndaru_32602100104')
 5 SYSTEMPATH\CodeIgniter.php(932): App\Controllers\LayoutController->index()
 6 SYSTEMPATH\CodeIgniter.php(497): CodeIgniter\CodeIgniter->runController(Object(App\Controllers\LayoutController))
 7 SYSTEMPATH\CodeIgniter.php(366): CodeIgniter\CodeIgniter->handleRequest(null, Object(Config\Cache), false)
 8 FCPATH\index.php(67): CodeIgniter\CodeIgniter->run()
 9 SYSTEMPATH\Commands\Server\rewrite.php(47): require_once('C:\\xampp\\htdocs\\prakweb\\public\\index.php')
CRITICAL - 2023-07-25 15:04:27 --> Invalid file: "layout/32602100135_Ndaru.php"
in SYSTEMPATH\Exceptions\FrameworkException.php on line 33.
 1 SYSTEMPATH\View\View.php(212): CodeIgniter\Exceptions\FrameworkException::forInvalidFile('layout/32602100135_Ndaru.php')
 2 SYSTEMPATH\View\View.php(240): CodeIgniter\View\View->render('layout/32602100135_Ndaru', [], true)
 3 SYSTEMPATH\Common.php(1180): CodeIgniter\View\View->render('ndaru_32602100104', [], true)
 4 APPPATH\Controllers\LayoutController.php(9): view('ndaru_32602100104')
 5 SYSTEMPATH\CodeIgniter.php(932): App\Controllers\LayoutController->index()
 6 SYSTEMPATH\CodeIgniter.php(497): CodeIgniter\CodeIgniter->runController(Object(App\Controllers\LayoutController))
 7 SYSTEMPATH\CodeIgniter.php(366): CodeIgniter\CodeIgniter->handleRequest(null, Object(Config\Cache), false)
 8 FCPATH\index.php(67): CodeIgniter\CodeIgniter->run()
 9 SYSTEMPATH\Commands\Server\rewrite.php(47): require_once('C:\\xampp\\htdocs\\prakweb\\public\\index.php')
CRITICAL - 2023-07-25 15:04:37 --> Invalid file: "layout/32602100135_Ndaru.php"
in SYSTEMPATH\Exceptions\FrameworkException.php on line 33.
 1 SYSTEMPATH\View\View.php(212): CodeIgniter\Exceptions\FrameworkException::forInvalidFile('layout/32602100135_Ndaru.php')
 2 SYSTEMPATH\View\View.php(240): CodeIgniter\View\View->render('layout/32602100135_Ndaru', [], true)
 3 SYSTEMPATH\Common.php(1180): CodeIgniter\View\View->render('ndaru_32602100104', [], true)
 4 APPPATH\Controllers\LayoutController.php(9): view('ndaru_32602100104')
 5 SYSTEMPATH\CodeIgniter.php(932): App\Controllers\LayoutController->index()
 6 SYSTEMPATH\CodeIgniter.php(497): CodeIgniter\CodeIgniter->runController(Object(App\Controllers\LayoutController))
 7 SYSTEMPATH\CodeIgniter.php(366): CodeIgniter\CodeIgniter->handleRequest(null, Object(Config\Cache), false)
 8 FCPATH\index.php(67): CodeIgniter\CodeIgniter->run()
 9 SYSTEMPATH\Commands\Server\rewrite.php(47): require_once('C:\\xampp\\htdocs\\prakweb\\public\\index.php')
CRITICAL - 2023-07-25 15:05:43 --> Invalid file: "layout/32602100135_Ndaru.php"
in SYSTEMPATH\Exceptions\FrameworkException.php on line 33.
 1 SYSTEMPATH\View\View.php(212): CodeIgniter\Exceptions\FrameworkException::forInvalidFile('layout/32602100135_Ndaru.php')
 2 SYSTEMPATH\View\View.php(240): CodeIgniter\View\View->render('layout/32602100135_Ndaru', [], true)
 3 SYSTEMPATH\Common.php(1180): CodeIgniter\View\View->render('ndaru_32602100104', [], true)
 4 APPPATH\Controllers\LayoutController.php(9): view('ndaru_32602100104')
 5 SYSTEMPATH\CodeIgniter.php(932): App\Controllers\LayoutController->index()
 6 SYSTEMPATH\CodeIgniter.php(497): CodeIgniter\CodeIgniter->runController(Object(App\Controllers\LayoutController))
 7 SYSTEMPATH\CodeIgniter.php(366): CodeIgniter\CodeIgniter->handleRequest(null, Object(Config\Cache), false)
 8 FCPATH\index.php(67): CodeIgniter\CodeIgniter->run()
 9 SYSTEMPATH\Commands\Server\rewrite.php(47): require_once('C:\\xampp\\htdocs\\prakweb\\public\\index.php')
CRITICAL - 2023-07-25 15:05:48 --> Invalid file: "layout/32602100135_Ndaru.php"
in SYSTEMPATH\Exceptions\FrameworkException.php on line 33.
 1 SYSTEMPATH\View\View.php(212): CodeIgniter\Exceptions\FrameworkException::forInvalidFile('layout/32602100135_Ndaru.php')
 2 SYSTEMPATH\View\View.php(240): CodeIgniter\View\View->render('layout/32602100135_Ndaru', [], true)
 3 SYSTEMPATH\Common.php(1180): CodeIgniter\View\View->render('ndaru_32602100104', [], true)
 4 APPPATH\Controllers\LayoutController.php(9): view('ndaru_32602100104')
 5 SYSTEMPATH\CodeIgniter.php(932): App\Controllers\LayoutController->index()
 6 SYSTEMPATH\CodeIgniter.php(497): CodeIgniter\CodeIgniter->runController(Object(App\Controllers\LayoutController))
 7 SYSTEMPATH\CodeIgniter.php(366): CodeIgniter\CodeIgniter->handleRequest(null, Object(Config\Cache), false)
 8 FCPATH\index.php(67): CodeIgniter\CodeIgniter->run()
 9 SYSTEMPATH\Commands\Server\rewrite.php(47): require_once('C:\\xampp\\htdocs\\prakweb\\public\\index.php')
CRITICAL - 2023-07-25 15:05:48 --> Invalid file: "layout/32602100135_Ndaru.php"
in SYSTEMPATH\Exceptions\FrameworkException.php on line 33.
 1 SYSTEMPATH\View\View.php(212): CodeIgniter\Exceptions\FrameworkException::forInvalidFile('layout/32602100135_Ndaru.php')
 2 SYSTEMPATH\View\View.php(240): CodeIgniter\View\View->render('layout/32602100135_Ndaru', [], true)
 3 SYSTEMPATH\Common.php(1180): CodeIgniter\View\View->render('ndaru_32602100104', [], true)
 4 APPPATH\Controllers\LayoutController.php(9): view('ndaru_32602100104')
 5 SYSTEMPATH\CodeIgniter.php(932): App\Controllers\LayoutController->index()
 6 SYSTEMPATH\CodeIgniter.php(497): CodeIgniter\CodeIgniter->runController(Object(App\Controllers\LayoutController))
 7 SYSTEMPATH\CodeIgniter.php(366): CodeIgniter\CodeIgniter->handleRequest(null, Object(Config\Cache), false)
 8 FCPATH\index.php(67): CodeIgniter\CodeIgniter->run()
 9 SYSTEMPATH\Commands\Server\rewrite.php(47): require_once('C:\\xampp\\htdocs\\prakweb\\public\\index.php')
CRITICAL - 2023-07-25 15:05:53 --> Invalid file: "layout/32602100135_Ndaru.php"
in SYSTEMPATH\Exceptions\FrameworkException.php on line 33.
 1 SYSTEMPATH\View\View.php(212): CodeIgniter\Exceptions\FrameworkException::forInvalidFile('layout/32602100135_Ndaru.php')
 2 SYSTEMPATH\View\View.php(240): CodeIgniter\View\View->render('layout/32602100135_Ndaru', [], true)
 3 SYSTEMPATH\Common.php(1180): CodeIgniter\View\View->render('ndaru_32602100104', [], true)
 4 APPPATH\Controllers\LayoutController.php(9): view('ndaru_32602100104')
 5 SYSTEMPATH\CodeIgniter.php(932): App\Controllers\LayoutController->index()
 6 SYSTEMPATH\CodeIgniter.php(497): CodeIgniter\CodeIgniter->runController(Object(App\Controllers\LayoutController))
 7 SYSTEMPATH\CodeIgniter.php(366): CodeIgniter\CodeIgniter->handleRequest(null, Object(Config\Cache), false)
 8 FCPATH\index.php(67): CodeIgniter\CodeIgniter->run()
 9 SYSTEMPATH\Commands\Server\rewrite.php(47): require_once('C:\\xampp\\htdocs\\prakweb\\public\\index.php')
CRITICAL - 2023-07-25 15:06:03 --> Invalid file: "layout/32602100135_Ndaru.php"
in SYSTEMPATH\Exceptions\FrameworkException.php on line 33.
 1 SYSTEMPATH\View\View.php(212): CodeIgniter\Exceptions\FrameworkException::forInvalidFile('layout/32602100135_Ndaru.php')
 2 SYSTEMPATH\View\View.php(240): CodeIgniter\View\View->render('layout/32602100135_Ndaru', [], true)
 3 SYSTEMPATH\Common.php(1180): CodeIgniter\View\View->render('ndaru_32602100104', [], true)
 4 APPPATH\Controllers\LayoutController.php(9): view('ndaru_32602100104')
 5 SYSTEMPATH\CodeIgniter.php(932): App\Controllers\LayoutController->index()
 6 SYSTEMPATH\CodeIgniter.php(497): CodeIgniter\CodeIgniter->runController(Object(App\Controllers\LayoutController))
 7 SYSTEMPATH\CodeIgniter.php(366): CodeIgniter\CodeIgniter->handleRequest(null, Object(Config\Cache), false)
 8 FCPATH\index.php(67): CodeIgniter\CodeIgniter->run()
 9 SYSTEMPATH\Commands\Server\rewrite.php(47): require_once('C:\\xampp\\htdocs\\prakweb\\public\\index.php')
CRITICAL - 2023-07-25 15:06:04 --> Invalid file: "layout/32602100135_Ndaru.php"
in SYSTEMPATH\Exceptions\FrameworkException.php on line 33.
 1 SYSTEMPATH\View\View.php(212): CodeIgniter\Exceptions\FrameworkException::forInvalidFile('layout/32602100135_Ndaru.php')
 2 SYSTEMPATH\View\View.php(240): CodeIgniter\View\View->render('layout/32602100135_Ndaru', [], true)
 3 SYSTEMPATH\Common.php(1180): CodeIgniter\View\View->render('ndaru_32602100104', [], true)
 4 APPPATH\Controllers\LayoutController.php(9): view('ndaru_32602100104')
 5 SYSTEMPATH\CodeIgniter.php(932): App\Controllers\LayoutController->index()
 6 SYSTEMPATH\CodeIgniter.php(497): CodeIgniter\CodeIgniter->runController(Object(App\Controllers\LayoutController))
 7 SYSTEMPATH\CodeIgniter.php(366): CodeIgniter\CodeIgniter->handleRequest(null, Object(Config\Cache), false)
 8 FCPATH\index.php(67): CodeIgniter\CodeIgniter->run()
 9 SYSTEMPATH\Commands\Server\rewrite.php(47): require_once('C:\\xampp\\htdocs\\prakweb\\public\\index.php')
CRITICAL - 2023-07-25 15:20:56 --> Invalid file: "layout/32602100135_Ndaru.php"
in SYSTEMPATH\Exceptions\FrameworkException.php on line 33.
 1 SYSTEMPATH\View\View.php(212): CodeIgniter\Exceptions\FrameworkException::forInvalidFile('layout/32602100135_Ndaru.php')
 2 SYSTEMPATH\View\View.php(240): CodeIgniter\View\View->render('layout/32602100135_Ndaru', [], true)
 3 SYSTEMPATH\Common.php(1180): CodeIgniter\View\View->render('ndaru_32602100104', [], true)
 4 APPPATH\Controllers\LayoutController.php(9): view('ndaru_32602100104')
 5 SYSTEMPATH\CodeIgniter.php(932): App\Controllers\LayoutController->index()
 6 SYSTEMPATH\CodeIgniter.php(497): CodeIgniter\CodeIgniter->runController(Object(App\Controllers\LayoutController))
 7 SYSTEMPATH\CodeIgniter.php(366): CodeIgniter\CodeIgniter->handleRequest(null, Object(Config\Cache), false)
 8 FCPATH\index.php(67): CodeIgniter\CodeIgniter->run()
 9 SYSTEMPATH\Commands\Server\rewrite.php(47): require_once('C:\\xampp\\htdocs\\prakweb\\public\\index.php')
CRITICAL - 2023-07-25 15:20:57 --> Invalid file: "layout/32602100135_Ndaru.php"
in SYSTEMPATH\Exceptions\FrameworkException.php on line 33.
 1 SYSTEMPATH\View\View.php(212): CodeIgniter\Exceptions\FrameworkException::forInvalidFile('layout/32602100135_Ndaru.php')
 2 SYSTEMPATH\View\View.php(240): CodeIgniter\View\View->render('layout/32602100135_Ndaru', [], true)
 3 SYSTEMPATH\Common.php(1180): CodeIgniter\View\View->render('ndaru_32602100104', [], true)
 4 APPPATH\Controllers\LayoutController.php(9): view('ndaru_32602100104')
 5 SYSTEMPATH\CodeIgniter.php(932): App\Controllers\LayoutController->index()
 6 SYSTEMPATH\CodeIgniter.php(497): CodeIgniter\CodeIgniter->runController(Object(App\Controllers\LayoutController))
 7 SYSTEMPATH\CodeIgniter.php(366): CodeIgniter\CodeIgniter->handleRequest(null, Object(Config\Cache), false)
 8 FCPATH\index.php(67): CodeIgniter\CodeIgniter->run()
 9 SYSTEMPATH\Commands\Server\rewrite.php(47): require_once('C:\\xampp\\htdocs\\prakweb\\public\\index.php')
CRITICAL - 2023-07-25 15:23:14 --> Invalid file: "layout/32602100135_Ndaru.php"
in SYSTEMPATH\Exceptions\FrameworkException.php on line 33.
 1 SYSTEMPATH\View\View.php(212): CodeIgniter\Exceptions\FrameworkException::forInvalidFile('layout/32602100135_Ndaru.php')
 2 SYSTEMPATH\View\View.php(240): CodeIgniter\View\View->render('layout/32602100135_Ndaru', [], true)
 3 SYSTEMPATH\Common.php(1180): CodeIgniter\View\View->render('ndaru_32602100104', [], true)
 4 APPPATH\Controllers\LayoutController.php(9): view('ndaru_32602100104')
 5 SYSTEMPATH\CodeIgniter.php(932): App\Controllers\LayoutController->index()
 6 SYSTEMPATH\CodeIgniter.php(497): CodeIgniter\CodeIgniter->runController(Object(App\Controllers\LayoutController))
 7 SYSTEMPATH\CodeIgniter.php(366): CodeIgniter\CodeIgniter->handleRequest(null, Object(Config\Cache), false)
 8 FCPATH\index.php(67): CodeIgniter\CodeIgniter->run()
 9 SYSTEMPATH\Commands\Server\rewrite.php(47): require_once('C:\\xampp\\htdocs\\prakweb\\public\\index.php')
CRITICAL - 2023-07-25 15:23:14 --> Invalid file: "layout/32602100135_Ndaru.php"
in SYSTEMPATH\Exceptions\FrameworkException.php on line 33.
 1 SYSTEMPATH\View\View.php(212): CodeIgniter\Exceptions\FrameworkException::forInvalidFile('layout/32602100135_Ndaru.php')
 2 SYSTEMPATH\View\View.php(240): CodeIgniter\View\View->render('layout/32602100135_Ndaru', [], true)
 3 SYSTEMPATH\Common.php(1180): CodeIgniter\View\View->render('ndaru_32602100104', [], true)
 4 APPPATH\Controllers\LayoutController.php(9): view('ndaru_32602100104')
 5 SYSTEMPATH\CodeIgniter.php(932): App\Controllers\LayoutController->index()
 6 SYSTEMPATH\CodeIgniter.php(497): CodeIgniter\CodeIgniter->runController(Object(App\Controllers\LayoutController))
 7 SYSTEMPATH\CodeIgniter.php(366): CodeIgniter\CodeIgniter->handleRequest(null, Object(Config\Cache), false)
 8 FCPATH\index.php(67): CodeIgniter\CodeIgniter->run()
 9 SYSTEMPATH\Commands\Server\rewrite.php(47): require_once('C:\\xampp\\htdocs\\prakweb\\public\\index.php')
CRITICAL - 2023-07-25 15:23:36 --> Invalid file: "layout/32602100135_Ndaru.php"
in SYSTEMPATH\Exceptions\FrameworkException.php on line 33.
 1 SYSTEMPATH\View\View.php(212): CodeIgniter\Exceptions\FrameworkException::forInvalidFile('layout/32602100135_Ndaru.php')
 2 SYSTEMPATH\View\View.php(240): CodeIgniter\View\View->render('layout/32602100135_Ndaru', [], true)
 3 SYSTEMPATH\Common.php(1180): CodeIgniter\View\View->render('ndaru_32602100104', [], true)
 4 APPPATH\Controllers\LayoutController.php(9): view('ndaru_32602100104')
 5 SYSTEMPATH\CodeIgniter.php(932): App\Controllers\LayoutController->index()
 6 SYSTEMPATH\CodeIgniter.php(497): CodeIgniter\CodeIgniter->runController(Object(App\Controllers\LayoutController))
 7 SYSTEMPATH\CodeIgniter.php(366): CodeIgniter\CodeIgniter->handleRequest(null, Object(Config\Cache), false)
 8 FCPATH\index.php(67): CodeIgniter\CodeIgniter->run()
 9 SYSTEMPATH\Commands\Server\rewrite.php(47): require_once('C:\\xampp\\htdocs\\prakweb\\public\\index.php')
CRITICAL - 2023-07-25 15:24:29 --> Invalid file: "layout/32602100135_Ndaru.php"
in SYSTEMPATH\Exceptions\FrameworkException.php on line 33.
 1 SYSTEMPATH\View\View.php(212): CodeIgniter\Exceptions\FrameworkException::forInvalidFile('layout/32602100135_Ndaru.php')
 2 SYSTEMPATH\View\View.php(240): CodeIgniter\View\View->render('layout/32602100135_Ndaru', [], true)
 3 SYSTEMPATH\Common.php(1180): CodeIgniter\View\View->render('ndaru_32602100104', [], true)
 4 APPPATH\Controllers\LayoutController.php(9): view('ndaru_32602100104')
 5 SYSTEMPATH\CodeIgniter.php(932): App\Controllers\LayoutController->index()
 6 SYSTEMPATH\CodeIgniter.php(497): CodeIgniter\CodeIgniter->runController(Object(App\Controllers\LayoutController))
 7 SYSTEMPATH\CodeIgniter.php(366): CodeIgniter\CodeIgniter->handleRequest(null, Object(Config\Cache), false)
 8 FCPATH\index.php(67): CodeIgniter\CodeIgniter->run()
 9 SYSTEMPATH\Commands\Server\rewrite.php(47): require_once('C:\\xampp\\htdocs\\prakweb\\public\\index.php')
CRITICAL - 2023-07-25 15:24:30 --> Invalid file: "layout/32602100135_Ndaru.php"
in SYSTEMPATH\Exceptions\FrameworkException.php on line 33.
 1 SYSTEMPATH\View\View.php(212): CodeIgniter\Exceptions\FrameworkException::forInvalidFile('layout/32602100135_Ndaru.php')
 2 SYSTEMPATH\View\View.php(240): CodeIgniter\View\View->render('layout/32602100135_Ndaru', [], true)
 3 SYSTEMPATH\Common.php(1180): CodeIgniter\View\View->render('ndaru_32602100104', [], true)
 4 APPPATH\Controllers\LayoutController.php(9): view('ndaru_32602100104')
 5 SYSTEMPATH\CodeIgniter.php(932): App\Controllers\LayoutController->index()
 6 SYSTEMPATH\CodeIgniter.php(497): CodeIgniter\CodeIgniter->runController(Object(App\Controllers\LayoutController))
 7 SYSTEMPATH\CodeIgniter.php(366): CodeIgniter\CodeIgniter->handleRequest(null, Object(Config\Cache), false)
 8 FCPATH\index.php(67): CodeIgniter\CodeIgniter->run()
 9 SYSTEMPATH\Commands\Server\rewrite.php(47): require_once('C:\\xampp\\htdocs\\prakweb\\public\\index.php')
CRITICAL - 2023-07-25 15:25:56 --> Invalid file: "layout/32602100135_Ndaru.php"
in SYSTEMPATH\Exceptions\FrameworkException.php on line 33.
 1 SYSTEMPATH\View\View.php(212): CodeIgniter\Exceptions\FrameworkException::forInvalidFile('layout/32602100135_Ndaru.php')
 2 SYSTEMPATH\View\View.php(240): CodeIgniter\View\View->render('layout/32602100135_Ndaru', [], true)
 3 SYSTEMPATH\Common.php(1180): CodeIgniter\View\View->render('ndaru_32602100104', [], true)
 4 APPPATH\Controllers\LayoutController.php(9): view('ndaru_32602100104')
 5 SYSTEMPATH\CodeIgniter.php(932): App\Controllers\LayoutController->index()
 6 SYSTEMPATH\CodeIgniter.php(497): CodeIgniter\CodeIgniter->runController(Object(App\Controllers\LayoutController))
 7 SYSTEMPATH\CodeIgniter.php(366): CodeIgniter\CodeIgniter->handleRequest(null, Object(Config\Cache), false)
 8 FCPATH\index.php(67): CodeIgniter\CodeIgniter->run()
 9 SYSTEMPATH\Commands\Server\rewrite.php(47): require_once('C:\\xampp\\htdocs\\prakweb\\public\\index.php')
CRITICAL - 2023-07-25 15:25:56 --> Invalid file: "layout/32602100135_Ndaru.php"
in SYSTEMPATH\Exceptions\FrameworkException.php on line 33.
 1 SYSTEMPATH\View\View.php(212): CodeIgniter\Exceptions\FrameworkException::forInvalidFile('layout/32602100135_Ndaru.php')
 2 SYSTEMPATH\View\View.php(240): CodeIgniter\View\View->render('layout/32602100135_Ndaru', [], true)
 3 SYSTEMPATH\Common.php(1180): CodeIgniter\View\View->render('ndaru_32602100104', [], true)
 4 APPPATH\Controllers\LayoutController.php(9): view('ndaru_32602100104')
 5 SYSTEMPATH\CodeIgniter.php(932): App\Controllers\LayoutController->index()
 6 SYSTEMPATH\CodeIgniter.php(497): CodeIgniter\CodeIgniter->runController(Object(App\Controllers\LayoutController))
 7 SYSTEMPATH\CodeIgniter.php(366): CodeIgniter\CodeIgniter->handleRequest(null, Object(Config\Cache), false)
 8 FCPATH\index.php(67): CodeIgniter\CodeIgniter->run()
 9 SYSTEMPATH\Commands\Server\rewrite.php(47): require_once('C:\\xampp\\htdocs\\prakweb\\public\\index.php')
CRITICAL - 2023-07-25 15:25:57 --> Invalid file: "layout/32602100135_Ndaru.php"
in SYSTEMPATH\Exceptions\FrameworkException.php on line 33.
 1 SYSTEMPATH\View\View.php(212): CodeIgniter\Exceptions\FrameworkException::forInvalidFile('layout/32602100135_Ndaru.php')
 2 SYSTEMPATH\View\View.php(240): CodeIgniter\View\View->render('layout/32602100135_Ndaru', [], true)
 3 SYSTEMPATH\Common.php(1180): CodeIgniter\View\View->render('ndaru_32602100104', [], true)
 4 APPPATH\Controllers\LayoutController.php(9): view('ndaru_32602100104')
 5 SYSTEMPATH\CodeIgniter.php(932): App\Controllers\LayoutController->index()
 6 SYSTEMPATH\CodeIgniter.php(497): CodeIgniter\CodeIgniter->runController(Object(App\Controllers\LayoutController))
 7 SYSTEMPATH\CodeIgniter.php(366): CodeIgniter\CodeIgniter->handleRequest(null, Object(Config\Cache), false)
 8 FCPATH\index.php(67): CodeIgniter\CodeIgniter->run()
 9 SYSTEMPATH\Commands\Server\rewrite.php(47): require_once('C:\\xampp\\htdocs\\prakweb\\public\\index.php')
